2018-08-28 11:00:05,311 INFO 5228 [egg:logger] init all loggers with options: {"dir":"/home/caomiao/workspace/EGG/egg-example/logs/mector-pro","encoding":"utf8","env":"local","level":"INFO","consoleLevel":"INFO","disableConsoleAfterReady":false,"outputJSON":false,"buffer":true,"appLogName":"mector-pro-web.log","coreLogName":"egg-web.log","agentLogName":"egg-agent.log","errorLogName":"common-error.log","coreLogger":{"consoleLevel":"WARN"},"allowDebugAtProd":false,"type":"application"}
2018-08-28 11:00:05,357 INFO 5228 [egg-schedule]: register schedule /home/caomiao/workspace/EGG/egg-example/node_modules/egg-logrotator/app/schedule/clean_log.js
2018-08-28 11:00:05,357 INFO 5228 [egg-schedule]: register schedule /home/caomiao/workspace/EGG/egg-example/node_modules/egg-logrotator/app/schedule/rotate_by_file.js
2018-08-28 11:00:05,424 INFO 5228 [egg-static] starting static serve /public/ -> /home/caomiao/workspace/EGG/egg-example/app/public
2018-08-28 11:00:05,429 INFO 5228 [egg-security] use csrf middleware
2018-08-28 11:00:05,430 INFO 5228 [egg-security] use methodnoallow middleware
2018-08-28 11:00:05,431 INFO 5228 [egg-security] use noopen middleware
2018-08-28 11:00:05,432 INFO 5228 [egg-security] use nosniff middleware
2018-08-28 11:00:05,432 INFO 5228 [egg-security] use xssProtection middleware
2018-08-28 11:00:05,432 INFO 5228 [egg-security] use xframe middleware
2018-08-28 11:00:05,433 INFO 5228 [egg-security] use dta middleware
2018-08-28 11:00:05,433 INFO 5228 [egg-security] compose 7 middlewares into one security middleware
2018-08-28 11:00:05,453 INFO 5228 [egg:core] dump config after load, 14ms
2018-08-28 11:00:05,475 INFO 5228 [egg-watcher:app] watcher start success
2018-08-28 11:00:05,488 INFO 5228 [egg:core] dump config after ready, 11ms
2018-08-28 11:10:57,015 INFO 6520 [egg:logger] init all loggers with options: {"dir":"/home/caomiao/workspace/EGG/egg-example/logs/mector-pro","encoding":"utf8","env":"local","level":"INFO","consoleLevel":"INFO","disableConsoleAfterReady":false,"outputJSON":false,"buffer":true,"appLogName":"mector-pro-web.log","coreLogName":"egg-web.log","agentLogName":"egg-agent.log","errorLogName":"common-error.log","coreLogger":{"consoleLevel":"WARN"},"allowDebugAtProd":false,"type":"application"}
2018-08-28 11:10:57,076 INFO 6520 [egg-schedule]: register schedule /home/caomiao/workspace/EGG/egg-example/node_modules/egg-logrotator/app/schedule/clean_log.js
2018-08-28 11:10:57,076 INFO 6520 [egg-schedule]: register schedule /home/caomiao/workspace/EGG/egg-example/node_modules/egg-logrotator/app/schedule/rotate_by_file.js
2018-08-28 11:10:57,118 INFO 6520 [egg-static] starting static serve /public/ -> /home/caomiao/workspace/EGG/egg-example/app/public
2018-08-28 11:10:57,121 INFO 6520 [egg-security] use csrf middleware
2018-08-28 11:10:57,121 INFO 6520 [egg-security] use methodnoallow middleware
2018-08-28 11:10:57,122 INFO 6520 [egg-security] use noopen middleware
2018-08-28 11:10:57,123 INFO 6520 [egg-security] use nosniff middleware
2018-08-28 11:10:57,123 INFO 6520 [egg-security] use xssProtection middleware
2018-08-28 11:10:57,123 INFO 6520 [egg-security] use xframe middleware
2018-08-28 11:10:57,124 INFO 6520 [egg-security] use dta middleware
2018-08-28 11:10:57,124 INFO 6520 [egg-security] compose 7 middlewares into one security middleware
2018-08-28 11:10:57,145 INFO 6520 [egg:core] dump config after load, 16ms
2018-08-28 11:10:57,167 INFO 6520 [egg-watcher:app] watcher start success
2018-08-28 11:10:57,174 INFO 6520 [egg:core] dump config after ready, 5ms
2018-08-28 11:13:58,068 INFO 6786 [egg:logger] init all loggers with options: {"dir":"/home/caomiao/workspace/EGG/egg-example/logs/mector-pro","encoding":"utf8","env":"local","level":"INFO","consoleLevel":"INFO","disableConsoleAfterReady":false,"outputJSON":false,"buffer":true,"appLogName":"mector-pro-web.log","coreLogName":"egg-web.log","agentLogName":"egg-agent.log","errorLogName":"common-error.log","coreLogger":{"consoleLevel":"WARN"},"allowDebugAtProd":false,"type":"application"}
2018-08-28 11:13:58,114 INFO 6786 [egg-schedule]: register schedule /home/caomiao/workspace/EGG/egg-example/node_modules/egg-logrotator/app/schedule/clean_log.js
2018-08-28 11:13:58,114 INFO 6786 [egg-schedule]: register schedule /home/caomiao/workspace/EGG/egg-example/node_modules/egg-logrotator/app/schedule/rotate_by_file.js
2018-08-28 11:13:58,159 INFO 6786 [egg-static] starting static serve /public/ -> /home/caomiao/workspace/EGG/egg-example/app/public
2018-08-28 11:13:58,162 INFO 6786 [egg-security] use csrf middleware
2018-08-28 11:13:58,163 INFO 6786 [egg-security] use methodnoallow middleware
2018-08-28 11:13:58,164 INFO 6786 [egg-security] use noopen middleware
2018-08-28 11:13:58,164 INFO 6786 [egg-security] use nosniff middleware
2018-08-28 11:13:58,165 INFO 6786 [egg-security] use xssProtection middleware
2018-08-28 11:13:58,165 INFO 6786 [egg-security] use xframe middleware
2018-08-28 11:13:58,165 INFO 6786 [egg-security] use dta middleware
2018-08-28 11:13:58,165 INFO 6786 [egg-security] compose 7 middlewares into one security middleware
2018-08-28 11:13:58,189 INFO 6786 [egg:core] dump config after load, 19ms
2018-08-28 11:13:58,229 INFO 6786 [egg-watcher:app] watcher start success
2018-08-28 11:13:58,249 INFO 6786 [egg:core] dump config after ready, 13ms
2018-08-28 11:14:39,086 INFO 6824 [egg:logger] init all loggers with options: {"dir":"/home/caomiao/workspace/EGG/egg-example/logs/mector-pro","encoding":"utf8","env":"local","level":"INFO","consoleLevel":"INFO","disableConsoleAfterReady":false,"outputJSON":false,"buffer":true,"appLogName":"mector-pro-web.log","coreLogName":"egg-web.log","agentLogName":"egg-agent.log","errorLogName":"common-error.log","coreLogger":{"consoleLevel":"WARN"},"allowDebugAtProd":false,"type":"application"}
2018-08-28 11:14:39,181 INFO 6824 [egg-schedule]: register schedule /home/caomiao/workspace/EGG/egg-example/node_modules/egg-logrotator/app/schedule/clean_log.js
2018-08-28 11:14:39,181 INFO 6824 [egg-schedule]: register schedule /home/caomiao/workspace/EGG/egg-example/node_modules/egg-logrotator/app/schedule/rotate_by_file.js
2018-08-28 11:14:39,272 INFO 6824 [egg-static] starting static serve /public/ -> /home/caomiao/workspace/EGG/egg-example/app/public
2018-08-28 11:14:39,279 INFO 6824 [egg-security] use csrf middleware
2018-08-28 11:14:39,279 INFO 6824 [egg-security] use methodnoallow middleware
2018-08-28 11:14:39,280 INFO 6824 [egg-security] use noopen middleware
2018-08-28 11:14:39,281 INFO 6824 [egg-security] use nosniff middleware
2018-08-28 11:14:39,281 INFO 6824 [egg-security] use xssProtection middleware
2018-08-28 11:14:39,282 INFO 6824 [egg-security] use xframe middleware
2018-08-28 11:14:39,282 INFO 6824 [egg-security] use dta middleware
2018-08-28 11:14:39,282 INFO 6824 [egg-security] compose 7 middlewares into one security middleware
2018-08-28 11:14:39,332 INFO 6824 [egg:core] dump config after load, 35ms
2018-08-28 11:14:39,364 INFO 6824 [egg-watcher:app] watcher start success
2018-08-28 11:14:39,379 INFO 6824 [egg:core] dump config after ready, 13ms
2018-08-28 11:15:50,200 INFO 6873 [egg:logger] init all loggers with options: {"dir":"/home/caomiao/workspace/EGG/egg-example/logs/mector-pro","encoding":"utf8","env":"local","level":"INFO","consoleLevel":"INFO","disableConsoleAfterReady":false,"outputJSON":false,"buffer":true,"appLogName":"mector-pro-web.log","coreLogName":"egg-web.log","agentLogName":"egg-agent.log","errorLogName":"common-error.log","coreLogger":{"consoleLevel":"WARN"},"allowDebugAtProd":false,"type":"application"}
2018-08-28 11:15:50,248 INFO 6873 [egg-schedule]: register schedule /home/caomiao/workspace/EGG/egg-example/node_modules/egg-logrotator/app/schedule/clean_log.js
2018-08-28 11:15:50,248 INFO 6873 [egg-schedule]: register schedule /home/caomiao/workspace/EGG/egg-example/node_modules/egg-logrotator/app/schedule/rotate_by_file.js
2018-08-28 11:15:50,292 INFO 6873 [egg-static] starting static serve /public/ -> /home/caomiao/workspace/EGG/egg-example/app/public
2018-08-28 11:15:50,294 INFO 6873 [egg-security] use csrf middleware
2018-08-28 11:15:50,295 INFO 6873 [egg-security] use methodnoallow middleware
2018-08-28 11:15:50,296 INFO 6873 [egg-security] use noopen middleware
2018-08-28 11:15:50,296 INFO 6873 [egg-security] use nosniff middleware
2018-08-28 11:15:50,297 INFO 6873 [egg-security] use xssProtection middleware
2018-08-28 11:15:50,297 INFO 6873 [egg-security] use xframe middleware
2018-08-28 11:15:50,297 INFO 6873 [egg-security] use dta middleware
2018-08-28 11:15:50,297 INFO 6873 [egg-security] compose 7 middlewares into one security middleware
2018-08-28 11:15:50,321 INFO 6873 [egg:core] dump config after load, 18ms
2018-08-28 11:15:50,341 INFO 6873 [egg-watcher:app] watcher start success
2018-08-28 11:15:50,348 INFO 6873 [egg:core] dump config after ready, 5ms
2018-08-28 11:15:59,602 INFO 6888 [egg:logger] init all loggers with options: {"dir":"/home/caomiao/workspace/EGG/egg-example/logs/mector-pro","encoding":"utf8","env":"local","level":"INFO","consoleLevel":"INFO","disableConsoleAfterReady":false,"outputJSON":false,"buffer":true,"appLogName":"mector-pro-web.log","coreLogName":"egg-web.log","agentLogName":"egg-agent.log","errorLogName":"common-error.log","coreLogger":{"consoleLevel":"WARN"},"allowDebugAtProd":false,"type":"application"}
2018-08-28 11:15:59,704 INFO 6888 [egg-schedule]: register schedule /home/caomiao/workspace/EGG/egg-example/node_modules/egg-logrotator/app/schedule/clean_log.js
2018-08-28 11:15:59,704 INFO 6888 [egg-schedule]: register schedule /home/caomiao/workspace/EGG/egg-example/node_modules/egg-logrotator/app/schedule/rotate_by_file.js
2018-08-28 11:15:59,795 INFO 6888 [egg-static] starting static serve /public/ -> /home/caomiao/workspace/EGG/egg-example/app/public
2018-08-28 11:15:59,798 INFO 6888 [egg-security] use csrf middleware
2018-08-28 11:15:59,800 INFO 6888 [egg-security] use methodnoallow middleware
2018-08-28 11:15:59,802 INFO 6888 [egg-security] use noopen middleware
2018-08-28 11:15:59,804 INFO 6888 [egg-security] use nosniff middleware
2018-08-28 11:15:59,805 INFO 6888 [egg-security] use xssProtection middleware
2018-08-28 11:15:59,807 INFO 6888 [egg-security] use xframe middleware
2018-08-28 11:15:59,808 INFO 6888 [egg-security] use dta middleware
2018-08-28 11:15:59,808 INFO 6888 [egg-security] compose 7 middlewares into one security middleware
2018-08-28 11:15:59,828 INFO 6888 [egg:core] dump config after load, 14ms
2018-08-28 11:15:59,847 INFO 6888 [egg-watcher:app] watcher start success
2018-08-28 11:15:59,862 INFO 6888 [egg:core] dump config after ready, 10ms
