2019-12-16 14:43:44,382 WARN 9012 [-/::1/-/3ms POST /user/login] missing csrf token. See https://eggjs.org/zh-cn/core/security.html#安全威胁csrf的防范
2019-12-16 14:43:44,385 WARN 9012 [-/::1/-/5ms POST /user/login] nodejs.ForbiddenError: missing csrf token
    at Object.throw (E:\gitfile\egg-sample\node_modules\koa\lib\context.js:96:11)
    at Object.assertCsrf (E:\gitfile\egg-sample\node_modules\egg-security\app\extend\context.js:148:17)
    at csrf (E:\gitfile\egg-sample\node_modules\egg-security\lib\middlewares\csrf.js:31:9)
    at dispatch (E:\gitfile\egg-sample\node_modules\koa-compose\index.js:42:32)
    at E:\gitfile\egg-sample\node_modules\koa-compose\index.js:34:12
    at dispatch (E:\gitfile\egg-sample\node_modules\koa-compose\index.js:42:32)
    at session (E:\gitfile\egg-sample\node_modules\koa-session\index.js:41:13)
    at dispatch (E:\gitfile\egg-sample\node_modules\koa-compose\index.js:42:32)
    at overrideMethod (E:\gitfile\egg-sample\node_modules\koa-override\index.js:38:12)
    at dispatch (E:\gitfile\egg-sample\node_modules\koa-compose\index.js:42:32)
    at bodyParser (E:\gitfile\egg-sample\node_modules\koa-bodyparser\index.js:86:11)
    at processTicksAndRejections (internal/process/task_queues.js:93:5)
    at async E:\gitfile\egg-sample\node_modules\koa-static-cache\index.js:51:63
    at async notfound (E:\gitfile\egg-sample\node_modules\egg\app\middleware\notfound.js:5:5)
    at async meta (E:\gitfile\egg-sample\node_modules\egg\app\middleware\meta.js:12:5)
message: "missing csrf token"
pid: 9012
hostname: 1S3RBZS6YE7YQZ9

2019-12-16 14:45:12,097 WARN 6908 [-/::1/-/2ms POST /user/login] invalid csrf token. See https://eggjs.org/zh-cn/core/security.html#安全威胁csrf的防范
2019-12-16 14:45:12,098 WARN 6908 [-/::1/-/4ms POST /user/login] nodejs.ForbiddenError: invalid csrf token
    at Object.throw (E:\gitfile\egg-sample\node_modules\koa\lib\context.js:96:11)
    at Object.assertCsrf (E:\gitfile\egg-sample\node_modules\egg-security\app\extend\context.js:157:17)
    at csrf (E:\gitfile\egg-sample\node_modules\egg-security\lib\middlewares\csrf.js:31:9)
    at dispatch (E:\gitfile\egg-sample\node_modules\koa-compose\index.js:42:32)
    at E:\gitfile\egg-sample\node_modules\koa-compose\index.js:34:12
    at dispatch (E:\gitfile\egg-sample\node_modules\koa-compose\index.js:42:32)
    at session (E:\gitfile\egg-sample\node_modules\koa-session\index.js:41:13)
    at dispatch (E:\gitfile\egg-sample\node_modules\koa-compose\index.js:42:32)
    at overrideMethod (E:\gitfile\egg-sample\node_modules\koa-override\index.js:38:12)
    at dispatch (E:\gitfile\egg-sample\node_modules\koa-compose\index.js:42:32)
    at bodyParser (E:\gitfile\egg-sample\node_modules\koa-bodyparser\index.js:86:11)
    at processTicksAndRejections (internal/process/task_queues.js:93:5)
    at async E:\gitfile\egg-sample\node_modules\koa-static-cache\index.js:51:63
    at async notfound (E:\gitfile\egg-sample\node_modules\egg\app\middleware\notfound.js:5:5)
    at async meta (E:\gitfile\egg-sample\node_modules\egg\app\middleware\meta.js:12:5)
message: "invalid csrf token"
pid: 6908
hostname: 1S3RBZS6YE7YQZ9

2019-12-16 14:49:36,344 WARN 9148 [-/::1/-/3ms POST /user/login] invalid csrf token. See https://eggjs.org/zh-cn/core/security.html#安全威胁csrf的防范
2019-12-16 14:49:36,346 WARN 9148 [-/::1/-/4ms POST /user/login] nodejs.ForbiddenError: invalid csrf token
    at Object.throw (E:\gitfile\egg-sample\node_modules\koa\lib\context.js:96:11)
    at Object.assertCsrf (E:\gitfile\egg-sample\node_modules\egg-security\app\extend\context.js:157:17)
    at csrf (E:\gitfile\egg-sample\node_modules\egg-security\lib\middlewares\csrf.js:31:9)
    at dispatch (E:\gitfile\egg-sample\node_modules\koa-compose\index.js:42:32)
    at E:\gitfile\egg-sample\node_modules\koa-compose\index.js:34:12
    at dispatch (E:\gitfile\egg-sample\node_modules\koa-compose\index.js:42:32)
    at session (E:\gitfile\egg-sample\node_modules\koa-session\index.js:41:13)
    at dispatch (E:\gitfile\egg-sample\node_modules\koa-compose\index.js:42:32)
    at overrideMethod (E:\gitfile\egg-sample\node_modules\koa-override\index.js:38:12)
    at dispatch (E:\gitfile\egg-sample\node_modules\koa-compose\index.js:42:32)
    at bodyParser (E:\gitfile\egg-sample\node_modules\koa-bodyparser\index.js:86:11)
    at processTicksAndRejections (internal/process/task_queues.js:93:5)
    at async E:\gitfile\egg-sample\node_modules\koa-static-cache\index.js:51:63
    at async notfound (E:\gitfile\egg-sample\node_modules\egg\app\middleware\notfound.js:5:5)
    at async meta (E:\gitfile\egg-sample\node_modules\egg\app\middleware\meta.js:12:5)
message: "invalid csrf token"
pid: 9148
hostname: 1S3RBZS6YE7YQZ9

2019-12-16 14:51:51,574 WARN 10732 [-/::1/-/2ms POST /user/login] invalid csrf token. See https://eggjs.org/zh-cn/core/security.html#安全威胁csrf的防范
2019-12-16 14:51:51,577 WARN 10732 [-/::1/-/4ms POST /user/login] nodejs.ForbiddenError: invalid csrf token
    at Object.throw (E:\gitfile\egg-sample\node_modules\koa\lib\context.js:96:11)
    at Object.assertCsrf (E:\gitfile\egg-sample\node_modules\egg-security\app\extend\context.js:157:17)
    at csrf (E:\gitfile\egg-sample\node_modules\egg-security\lib\middlewares\csrf.js:31:9)
    at dispatch (E:\gitfile\egg-sample\node_modules\koa-compose\index.js:42:32)
    at E:\gitfile\egg-sample\node_modules\koa-compose\index.js:34:12
    at dispatch (E:\gitfile\egg-sample\node_modules\koa-compose\index.js:42:32)
    at session (E:\gitfile\egg-sample\node_modules\koa-session\index.js:41:13)
    at dispatch (E:\gitfile\egg-sample\node_modules\koa-compose\index.js:42:32)
    at overrideMethod (E:\gitfile\egg-sample\node_modules\koa-override\index.js:38:12)
    at dispatch (E:\gitfile\egg-sample\node_modules\koa-compose\index.js:42:32)
    at bodyParser (E:\gitfile\egg-sample\node_modules\koa-bodyparser\index.js:86:11)
    at processTicksAndRejections (internal/process/task_queues.js:93:5)
    at async E:\gitfile\egg-sample\node_modules\koa-static-cache\index.js:51:63
    at async notfound (E:\gitfile\egg-sample\node_modules\egg\app\middleware\notfound.js:5:5)
    at async meta (E:\gitfile\egg-sample\node_modules\egg\app\middleware\meta.js:12:5)
message: "invalid csrf token"
pid: 10732
hostname: 1S3RBZS6YE7YQZ9

2019-12-16 14:52:06,736 WARN 11008 [-/::1/-/2ms POST /user/login] invalid csrf token. See https://eggjs.org/zh-cn/core/security.html#安全威胁csrf的防范
2019-12-16 14:52:06,738 WARN 11008 [-/::1/-/4ms POST /user/login] nodejs.ForbiddenError: invalid csrf token
    at Object.throw (E:\gitfile\egg-sample\node_modules\koa\lib\context.js:96:11)
    at Object.assertCsrf (E:\gitfile\egg-sample\node_modules\egg-security\app\extend\context.js:157:17)
    at csrf (E:\gitfile\egg-sample\node_modules\egg-security\lib\middlewares\csrf.js:31:9)
    at dispatch (E:\gitfile\egg-sample\node_modules\koa-compose\index.js:42:32)
    at E:\gitfile\egg-sample\node_modules\koa-compose\index.js:34:12
    at dispatch (E:\gitfile\egg-sample\node_modules\koa-compose\index.js:42:32)
    at session (E:\gitfile\egg-sample\node_modules\koa-session\index.js:41:13)
    at dispatch (E:\gitfile\egg-sample\node_modules\koa-compose\index.js:42:32)
    at overrideMethod (E:\gitfile\egg-sample\node_modules\koa-override\index.js:38:12)
    at dispatch (E:\gitfile\egg-sample\node_modules\koa-compose\index.js:42:32)
    at bodyParser (E:\gitfile\egg-sample\node_modules\koa-bodyparser\index.js:86:11)
    at processTicksAndRejections (internal/process/task_queues.js:93:5)
    at async E:\gitfile\egg-sample\node_modules\koa-static-cache\index.js:51:63
    at async notfound (E:\gitfile\egg-sample\node_modules\egg\app\middleware\notfound.js:5:5)
    at async meta (E:\gitfile\egg-sample\node_modules\egg\app\middleware\meta.js:12:5)
message: "invalid csrf token"
pid: 11008
hostname: 1S3RBZS6YE7YQZ9

2019-12-16 16:14:43,355 WARN 5180 [-/127.0.0.1/-/1ms GET /] nodejs.UnauthorizedError: No authorization token was found
    at middleware (E:\gitfile\egg-sample\node_modules\koa-jwt2\lib\index.js:89:15)
    at dispatch (E:\gitfile\egg-sample\node_modules\koa-router\node_modules\koa-compose\index.js:44:32)
    at next (E:\gitfile\egg-sample\node_modules\koa-router\node_modules\koa-compose\index.js:45:18)
    at E:\gitfile\egg-sample\node_modules\koa-router\lib\router.js:346:16
    at dispatch (E:\gitfile\egg-sample\node_modules\koa-router\node_modules\koa-compose\index.js:44:32)
    at E:\gitfile\egg-sample\node_modules\koa-router\node_modules\koa-compose\index.js:36:12
    at dispatch (E:\gitfile\egg-sample\node_modules\koa-router\lib\router.js:351:31)
    at dispatch (E:\gitfile\egg-sample\node_modules\koa-compose\index.js:42:32)
    at E:\gitfile\egg-sample\app\middleware\error_handler.js:5:13
    at dispatch (E:\gitfile\egg-sample\node_modules\koa-compose\index.js:42:32)
    at E:\gitfile\egg-sample\node_modules\egg-development\app\middleware\egg_loader_trace.js:9:56
    at dispatch (E:\gitfile\egg-sample\node_modules\koa-compose\index.js:42:32)
    at i18n (E:\gitfile\egg-sample\node_modules\egg-i18n\app\middleware\i18n.js:13:12)
    at dispatch (E:\gitfile\egg-sample\node_modules\koa-compose\index.js:42:32)
    at dispatch (E:\gitfile\egg-sample\node_modules\koa-compose\index.js:42:32)
    at dta (E:\gitfile\egg-sample\node_modules\egg-security\lib\middlewares\dta.js:12:12)
name: "UnauthorizedError"
message: "No authorization token was found"
code: "credentials_required"
status: 401
inner: {"message":"No authorization token was found"}
pid: 5180
hostname: 1S3RBZS6YE7YQZ9

2019-12-16 16:31:13,888 WARN 2700 [-/127.0.0.1/-/0ms GET /] nodejs.UnauthorizedError: No authorization token was found
    at middleware (E:\gitfile\egg-sample\node_modules\koa-jwt2\lib\index.js:89:15)
    at dispatch (E:\gitfile\egg-sample\node_modules\koa-router\node_modules\koa-compose\index.js:44:32)
    at next (E:\gitfile\egg-sample\node_modules\koa-router\node_modules\koa-compose\index.js:45:18)
    at E:\gitfile\egg-sample\node_modules\koa-router\lib\router.js:346:16
    at dispatch (E:\gitfile\egg-sample\node_modules\koa-router\node_modules\koa-compose\index.js:44:32)
    at E:\gitfile\egg-sample\node_modules\koa-router\node_modules\koa-compose\index.js:36:12
    at dispatch (E:\gitfile\egg-sample\node_modules\koa-router\lib\router.js:351:31)
    at dispatch (E:\gitfile\egg-sample\node_modules\koa-compose\index.js:42:32)
    at E:\gitfile\egg-sample\app\middleware\error_handler.js:5:13
    at dispatch (E:\gitfile\egg-sample\node_modules\koa-compose\index.js:42:32)
    at E:\gitfile\egg-sample\node_modules\egg-development\app\middleware\egg_loader_trace.js:9:56
    at dispatch (E:\gitfile\egg-sample\node_modules\koa-compose\index.js:42:32)
    at i18n (E:\gitfile\egg-sample\node_modules\egg-i18n\app\middleware\i18n.js:13:12)
    at dispatch (E:\gitfile\egg-sample\node_modules\koa-compose\index.js:42:32)
    at dispatch (E:\gitfile\egg-sample\node_modules\koa-compose\index.js:42:32)
    at dta (E:\gitfile\egg-sample\node_modules\egg-security\lib\middlewares\dta.js:12:12)
name: "UnauthorizedError"
message: "No authorization token was found"
code: "credentials_required"
status: 401
inner: {"message":"No authorization token was found"}
pid: 2700
hostname: 1S3RBZS6YE7YQZ9

